SF:lib\application\app_bar_bloc\app_bar_bloc.dart
DA:9,6
DA:10,4
DA:11,1
DA:14,1
DA:18,2
LF:5
LH:5
end_of_record
SF:lib\application\app_bar_bloc\app_bar_event.dart
DA:10,4
DA:17,2
DA:18,4
DA:20,2
DA:23,1
DA:24,2
LF:6
LH:6
end_of_record
SF:lib\application\app_bar_bloc\app_bar_state.dart
DA:12,4
DA:16,2
DA:19,1
DA:22,1
DA:23,2
DA:27,2
DA:30,1
DA:33,1
DA:34,2
LF:9
LH:9
end_of_record
SF:lib\domain\restaurants\entities.dart
DA:67,43
DA:97,3
DA:98,3
DA:101,1
DA:103,1
DA:105,1
DA:109,6
DA:113,2
DA:119,2
DA:120,2
DA:121,2
DA:123,1
DA:124,1
DA:126,1
DA:127,1
DA:129,1
DA:130,1
DA:132,1
DA:133,1
DA:135,1
DA:136,1
DA:138,1
DA:139,1
DA:145,1
DA:146,2
DA:148,2
DA:149,2
DA:150,2
DA:151,2
DA:152,2
DA:153,2
DA:154,2
DA:155,2
DA:156,2
DA:157,2
DA:158,2
DA:159,2
DA:160,2
DA:161,2
DA:162,2
DA:163,2
DA:164,2
DA:165,2
DA:166,2
DA:167,2
DA:168,2
DA:169,2
DA:170,2
DA:171,2
DA:172,2
DA:173,2
DA:174,2
DA:178,1
DA:206,1
DA:207,1
DA:208,1
DA:209,1
DA:210,1
DA:211,1
DA:212,1
DA:213,1
DA:214,1
DA:215,1
DA:216,1
DA:217,1
DA:218,1
DA:219,1
DA:220,1
DA:221,1
DA:222,1
DA:223,1
DA:224,1
DA:225,1
DA:226,1
DA:227,1
DA:228,1
DA:229,1
DA:230,1
DA:231,1
DA:232,1
DA:247,15
DA:257,1
DA:259,1
DA:261,1
DA:262,1
DA:264,1
DA:265,1
DA:266,1
DA:267,1
DA:268,1
DA:269,1
DA:270,1
DA:271,1
DA:272,1
LF:94
LH:94
end_of_record
SF:lib\domain\restaurants\entities.g.dart
DA:9,6
DA:10,3
DA:11,3
DA:12,3
DA:13,3
DA:14,3
DA:15,3
DA:16,3
DA:17,3
DA:18,3
DA:19,3
DA:20,3
DA:21,3
DA:22,3
DA:23,3
DA:24,3
DA:26,12
DA:27,3
DA:28,3
DA:29,3
DA:30,3
DA:31,3
DA:32,3
DA:33,3
DA:34,3
DA:35,3
DA:36,3
DA:39,3
DA:40,3
DA:41,3
DA:42,3
DA:43,3
DA:44,3
DA:45,3
DA:46,3
DA:47,3
DA:48,3
DA:49,3
DA:50,3
DA:51,3
DA:52,3
DA:53,3
DA:54,3
DA:55,3
DA:56,3
DA:57,3
DA:58,3
DA:59,3
DA:60,3
DA:61,3
DA:62,3
DA:63,3
DA:64,3
DA:65,3
DA:66,3
DA:69,1
DA:72,1
DA:73,1
DA:74,1
DA:75,1
DA:76,1
DA:77,1
DA:78,1
DA:79,1
DA:82,1
DA:84,1
DA:85,1
DA:86,1
DA:87,1
DA:88,1
DA:89,1
DA:90,1
DA:91,1
LF:73
LH:73
end_of_record
SF:lib\infrastructure\google_place\fake_google_place_repository.dart
DA:18,2
DA:24,2
DA:26,4
DA:27,2
DA:37,1
LF:5
LH:5
end_of_record
SF:lib\infrastructure\restaurants\fake_restaurants_repository.dart
DA:77,1
DA:82,2
DA:89,1
DA:92,1
DA:96,0
DA:100,0
DA:104,0
DA:106,0
DA:110,1
DA:111,1
DA:115,0
DA:119,0
DA:123,3
DA:126,3
DA:130,0
DA:134,0
DA:138,1
DA:139,1
DA:143,3
DA:144,9
DA:147,0
DA:150,0
DA:154,1
DA:155,2
DA:159,1
DA:162,1
DA:166,2
DA:171,2
DA:175,1
LF:29
LH:19
end_of_record
SF:lib\application\google_place_bloc\google_place_bloc.dart
DA:12,1
DA:14,2
DA:15,1
DA:16,2
DA:17,1
DA:18,2
DA:23,1
DA:29,3
DA:30,1
DA:31,1
DA:32,1
DA:35,2
DA:39,1
DA:43,3
DA:44,1
DA:46,3
LF:16
LH:16
end_of_record
SF:lib\application\google_place_bloc\google_place_event.dart
DA:11,2
DA:19,1
DA:23,2
DA:25,1
DA:26,4
DA:28,1
DA:30,1
DA:31,3
DA:32,1
DA:33,3
DA:34,1
DA:35,3
DA:42,1
DA:44,2
DA:46,1
DA:47,2
DA:49,1
LF:17
LH:17
end_of_record
SF:lib\application\google_place_bloc\google_place_state.dart
DA:12,2
DA:16,1
DA:17,1
DA:19,1
DA:26,1
DA:28,2
DA:30,1
DA:31,2
DA:33,1
DA:40,1
DA:42,2
DA:44,1
DA:45,2
DA:47,1
LF:14
LH:14
end_of_record
SF:lib\domain\google_place\entities.dart
DA:327,2
DA:336,1
DA:337,1
DA:340,2
DA:342,1
DA:343,3
DA:345,1
DA:347,6
LF:8
LH:8
end_of_record
SF:lib\domain\google_place\entities.g.dart
DA:9,1
DA:11,1
DA:12,1
DA:13,2
DA:14,2
DA:15,2
DA:16,1
DA:17,3
DA:18,1
DA:21,1
DA:23,1
DA:24,1
DA:25,1
DA:26,1
DA:27,1
DA:28,5
LF:16
LH:16
end_of_record
SF:lib\application\authentication_bloc\authentication_bloc.dart
DA:27,1
DA:34,2
DA:35,3
DA:36,3
DA:37,3
DA:38,3
DA:41,1
DA:44,4
DA:46,3
DA:48,3
DA:51,3
DA:53,1
DA:57,2
DA:59,3
DA:62,3
DA:66,1
DA:67,3
DA:70,3
DA:72,1
DA:76,2
DA:79,1
DA:80,2
DA:81,3
DA:84,1
DA:87,3
DA:88,5
LF:26
LH:26
end_of_record
SF:lib\domain\users\entities.dart
DA:26,4
DA:38,1
DA:39,1
DA:41,1
DA:50,1
DA:51,1
DA:54,2
DA:57,2
DA:66,2
DA:67,2
DA:68,2
DA:69,2
DA:70,2
DA:71,2
DA:72,2
DA:73,2
DA:77,2
DA:78,4
DA:80,1
DA:81,1
DA:82,1
DA:83,1
DA:84,1
DA:85,1
DA:86,1
DA:87,1
DA:88,1
LF:27
LH:27
end_of_record
SF:lib\domain\users\entities.g.dart
DA:9,1
DA:10,1
DA:11,1
DA:13,2
DA:14,1
DA:15,1
DA:16,1
DA:17,1
DA:18,1
DA:20,1
DA:21,1
DA:24,1
DA:25,1
DA:26,1
DA:28,2
DA:29,1
DA:30,1
DA:31,1
DA:32,1
DA:33,2
LF:20
LH:20
end_of_record
SF:lib\application\authentication_bloc\authentication_event.dart
DA:11,2
DA:16,1
DA:19,1
DA:20,1
DA:25,1
DA:28,1
DA:29,1
DA:34,1
DA:37,1
DA:38,1
DA:43,1
DA:46,1
DA:47,1
LF:13
LH:13
end_of_record
SF:lib\application\authentication_bloc\authentication_state.dart
DA:20,2
DA:24,1
DA:27,1
DA:28,1
DA:34,3
DA:36,1
DA:37,2
DA:39,1
DA:40,2
DA:46,3
DA:48,1
DA:49,2
DA:51,1
DA:52,2
LF:14
LH:14
end_of_record
SF:lib\domain\users\custom_date_converter.dart
DA:9,42
DA:11,1
DA:13,1
DA:16,1
LF:4
LH:4
end_of_record
SF:lib\infrastructure\push_notifications\fake_push_notification_service.dart
DA:14,1
DA:18,0
DA:22,0
LF:3
LH:1
end_of_record
SF:lib\infrastructure\shared\package_info\package_info_provider.dart
DA:14,1
DA:17,2
DA:18,0
LF:3
LH:2
end_of_record
SF:lib\infrastructure\users\fake_user_repository.dart
DA:74,1
DA:77,1
DA:81,2
DA:82,2
DA:86,1
DA:87,4
DA:89,4
DA:90,1
DA:96,1
DA:97,1
DA:101,1
DA:102,2
DA:103,1
DA:106,0
DA:110,1
DA:116,1
DA:120,1
DA:121,2
DA:122,1
DA:125,0
DA:130,1
DA:131,2
DA:132,1
DA:135,0
DA:140,1
DA:141,1
DA:145,1
DA:149,1
DA:152,1
DA:158,1
DA:159,3
LF:31
LH:28
end_of_record
SF:lib\infrastructure\shared\geocoding\fake_geocoding_provider.dart
DA:15,1
DA:17,1
DA:18,1
DA:19,1
DA:21,1
DA:29,1
DA:32,1
DA:33,1
DA:34,1
DA:35,1
LF:10
LH:10
end_of_record
SF:lib\infrastructure\shared\location\fake_location_provider.dart
DA:17,1
DA:21,1
DA:24,1
DA:26,1
DA:27,1
DA:35,2
DA:37,2
DA:41,1
DA:46,0
DA:51,1
LF:10
LH:9
end_of_record
SF:lib\application\location_bloc\location_bloc.dart
DA:14,1
DA:17,2
DA:18,3
DA:19,2
DA:20,2
DA:21,2
DA:22,2
DA:30,1
DA:31,2
DA:32,1
DA:37,3
DA:42,0
DA:45,3
DA:46,1
DA:47,3
DA:48,1
DA:51,0
DA:55,1
DA:57,0
DA:58,0
DA:62,2
DA:63,1
DA:65,1
DA:66,2
DA:67,1
DA:72,1
DA:76,2
DA:78,2
DA:85,1
DA:90,1
DA:94,3
DA:97,1
DA:98,2
DA:99,2
DA:100,1
DA:108,2
DA:110,2
DA:112,2
DA:118,1
DA:119,2
DA:120,3
DA:121,1
DA:123,1
DA:126,1
DA:128,2
DA:129,1
LF:46
LH:42
end_of_record
SF:lib\application\location_bloc\location_event.dart
DA:11,3
DA:15,1
DA:18,1
DA:19,1
DA:25,1
DA:27,1
DA:30,1
DA:31,2
DA:37,1
DA:39,1
DA:42,1
DA:43,2
LF:12
LH:12
end_of_record
SF:lib\application\location_bloc\location_state.dart
DA:11,2
DA:15,1
DA:18,1
DA:19,1
DA:23,1
DA:26,1
DA:27,1
DA:31,1
DA:34,1
DA:35,1
DA:43,1
DA:48,1
DA:49,2
DA:51,1
DA:52,4
LF:15
LH:15
end_of_record
SF:lib\application\map_bloc\map_bloc.dart
DA:10,3
DA:11,3
DA:12,3
DA:13,4
DA:16,1
DA:17,2
DA:20,1
DA:21,2
DA:24,1
DA:25,2
LF:10
LH:10
end_of_record
SF:lib\application\map_bloc\map_event.dart
DA:10,2
DA:15,1
DA:18,1
DA:19,1
DA:24,1
DA:27,1
DA:28,1
DA:35,3
DA:37,1
DA:38,2
DA:40,1
DA:41,2
LF:12
LH:12
end_of_record
SF:lib\application\map_bloc\map_state.dart
DA:14,5
DA:22,1
DA:27,1
DA:32,1
DA:37,1
DA:38,1
DA:46,1
DA:49,1
DA:50,1
DA:51,1
DA:52,1
LF:11
LH:11
end_of_record
SF:lib\infrastructure\shared\validators\fake_validators.dart
DA:16,6
DA:19,3
DA:23,2
DA:25,4
DA:28,2
DA:30,4
DA:33,1
DA:35,2
DA:39,1
DA:40,2
LF:10
LH:10
end_of_record
SF:lib\application\registration_bloc\registration_bloc.dart
DA:12,1
DA:15,2
DA:16,4
DA:17,1
DA:18,3
DA:19,2
DA:20,3
DA:55,1
DA:57,3
DA:58,2
DA:62,1
DA:64,3
DA:65,2
DA:69,1
DA:74,2
DA:76,3
DA:80,2
DA:82,2
LF:18
LH:18
end_of_record
SF:lib\application\registration_bloc\registration_event.dart
DA:10,2
DA:16,3
DA:18,1
DA:19,2
DA:21,1
DA:22,2
DA:28,3
DA:30,1
DA:31,2
DA:33,1
DA:34,2
DA:41,1
DA:42,2
DA:44,1
DA:46,3
DA:49,1
DA:50,3
LF:17
LH:17
end_of_record
SF:lib\application\registration_bloc\registration_state.dart
DA:15,3
DA:17,5
DA:25,1
DA:35,1
DA:45,1
DA:55,1
DA:65,1
DA:69,1
DA:78,1
DA:86,1
DA:87,1
DA:88,1
DA:89,1
DA:90,1
DA:91,1
DA:95,1
DA:98,1
DA:99,1
DA:100,1
DA:101,1
DA:102,1
DA:103,1
LF:22
LH:22
end_of_record
SF:lib\application\login_bloc\login_bloc.dart
DA:12,1
DA:15,2
DA:16,4
DA:17,1
DA:18,3
DA:19,1
DA:20,2
DA:21,1
DA:22,2
DA:23,1
DA:24,2
DA:25,3
DA:26,2
DA:27,3
DA:50,1
DA:52,3
DA:53,2
DA:57,1
DA:59,3
DA:60,2
DA:64,1
DA:67,2
DA:69,3
DA:70,2
DA:72,0
DA:76,1
DA:78,2
DA:79,3
DA:80,2
DA:81,0
DA:82,0
DA:86,1
DA:88,2
DA:90,3
DA:91,2
DA:93,0
DA:97,1
DA:99,2
DA:101,3
DA:102,0
DA:104,2
DA:108,1
DA:113,2
DA:115,2
DA:119,0
DA:121,2
LF:46
LH:40
end_of_record
SF:lib\application\login_bloc\login_event.dart
DA:10,2
DA:17,3
DA:19,1
DA:20,2
DA:22,1
DA:23,2
DA:30,3
DA:32,1
DA:33,2
DA:35,1
DA:36,2
DA:44,1
DA:45,2
DA:47,1
DA:49,3
DA:52,1
DA:53,3
DA:58,1
DA:61,1
DA:62,1
DA:67,1
DA:70,1
DA:71,1
DA:76,1
DA:79,1
DA:80,1
DA:85,1
DA:88,1
DA:89,1
DA:97,1
DA:98,2
DA:100,1
DA:102,3
DA:105,1
DA:106,3
LF:35
LH:35
end_of_record
SF:lib\application\login_bloc\login_state.dart
DA:15,3
DA:17,15
DA:26,1
DA:37,1
DA:48,1
DA:59,1
DA:69,1
DA:73,1
DA:82,1
DA:90,1
DA:91,1
DA:92,1
DA:93,1
DA:94,1
DA:95,1
DA:99,1
DA:102,1
DA:103,1
DA:104,1
DA:105,1
DA:106,1
DA:107,1
LF:22
LH:22
end_of_record
SF:lib\application\shared\custom_bloc_observer.dart
DA:10,1
DA:12,3
DA:13,2
DA:14,1
DA:15,2
DA:16,1
DA:17,2
DA:18,1
DA:21,1
DA:23,3
DA:24,2
DA:25,1
DA:26,3
DA:27,1
DA:28,2
DA:29,1
DA:32,1
DA:34,3
DA:35,2
DA:36,1
DA:37,3
DA:38,1
DA:39,3
DA:40,1
DA:41,2
DA:42,1
DA:45,1
DA:47,3
DA:48,2
DA:49,1
DA:50,3
DA:51,1
DA:52,2
DA:53,1
DA:54,1
DA:55,1
LF:36
LH:36
end_of_record
SF:lib\infrastructure\shared\logger\logger.dart
DA:7,3
DA:8,1
LF:2
LH:2
end_of_record
SF:lib\domain\push_notifications\entities.dart
DA:15,2
DA:21,1
DA:22,1
DA:25,2
DA:28,1
DA:32,1
DA:33,1
DA:34,1
DA:38,1
DA:39,2
DA:41,1
DA:42,1
DA:43,1
DA:44,1
LF:14
LH:14
end_of_record
SF:lib\domain\push_notifications\entities.g.dart
DA:9,1
DA:11,1
DA:12,1
DA:13,1
DA:16,1
DA:18,1
DA:19,1
DA:20,1
LF:8
LH:8
end_of_record
SF:lib\infrastructure\flavors\flavor_config.dart
DA:8,13
DA:17,1
DA:32,1
DA:37,1
DA:38,3
DA:42,1
DA:43,1
DA:47,3
DA:48,3
LF:9
LH:9
end_of_record
SF:lib\infrastructure\shared\path_provider\fake_path_provider.dart
DA:17,1
DA:20,1
DA:22,1
DA:26,6
LF:4
LH:4
end_of_record
SF:lib\application\restaurant_form_bloc\restaurant_form_bloc.dart
DA:18,3
DA:22,6
DA:23,3
DA:24,3
DA:25,3
DA:26,3
DA:27,6
DA:28,5
DA:29,4
DA:30,4
DA:31,2
DA:32,3
DA:33,4
DA:34,3
DA:35,3
DA:42,1
DA:52,3
DA:54,2
DA:56,0
DA:60,1
DA:62,3
DA:63,2
DA:67,1
DA:69,3
DA:70,3
DA:74,2
DA:78,2
DA:102,4
DA:105,1
DA:113,2
DA:116,3
DA:119,3
DA:127,0
DA:129,2
DA:131,0
DA:135,1
DA:143,2
DA:148,0
DA:151,0
DA:153,0
DA:157,3
DA:163,2
DA:165,0
LF:43
LH:36
end_of_record
SF:lib\application\restaurant_form_bloc\restaurant_form_event.dart
DA:13,4
DA:20,3
DA:22,1
DA:25,1
DA:26,2
DA:32,3
DA:33,1
DA:34,2
DA:36,1
DA:37,2
DA:44,3
DA:46,1
DA:47,2
DA:49,1
DA:50,2
DA:57,6
DA:59,1
DA:61,2
DA:63,1
DA:64,2
DA:74,1
DA:79,2
DA:86,1
DA:87,2
DA:89,1
DA:90,5
DA:101,1
DA:107,2
DA:109,1
DA:110,2
DA:112,1
DA:114,6
LF:32
LH:32
end_of_record
SF:lib\application\restaurant_form_bloc\restaurant_form_state.dart
DA:22,6
DA:24,14
DA:36,3
DA:47,1
DA:57,1
DA:58,1
DA:70,1
DA:81,1
DA:92,2
DA:94,2
DA:104,1
DA:108,1
DA:117,1
DA:124,1
DA:125,1
DA:126,1
DA:127,1
DA:128,1
DA:129,1
DA:133,1
DA:136,1
DA:137,1
DA:138,1
DA:139,1
DA:140,1
DA:141,1
LF:26
LH:26
end_of_record
SF:lib\application\restaurants_bloc\restaurants_bloc.dart
DA:18,0
DA:19,0
DA:22,1
DA:24,2
DA:25,1
DA:26,2
DA:27,2
DA:28,3
DA:29,1
DA:30,3
DA:31,3
DA:32,2
DA:33,1
DA:34,3
DA:35,1
DA:36,2
DA:37,1
DA:38,2
DA:39,2
DA:40,2
DA:41,2
DA:42,1
DA:43,2
DA:46,1
DA:51,3
DA:52,2
DA:55,1
DA:58,1
DA:59,1
DA:61,3
DA:64,4
DA:65,0
DA:69,1
DA:70,2
DA:73,2
DA:75,2
DA:79,1
DA:82,3
DA:84,1
DA:85,0
DA:87,1
DA:89,2
DA:90,2
DA:91,2
DA:92,1
DA:94,1
DA:96,2
DA:100,1
DA:102,2
DA:104,1
DA:107,4
DA:108,0
DA:112,3
DA:114,2
DA:116,2
DA:119,1
DA:121,2
DA:124,1
DA:128,4
DA:129,0
DA:133,3
DA:134,2
DA:138,1
DA:141,2
DA:142,4
DA:143,0
DA:144,0
DA:148,3
DA:150,2
DA:152,2
DA:156,1
DA:159,3
DA:160,2
DA:163,1
DA:171,3
DA:173,1
DA:185,3
DA:186,1
DA:196,2
DA:201,1
DA:206,2
DA:207,4
DA:208,0
DA:209,0
DA:212,3
DA:214,1
DA:216,3
DA:219,2
DA:221,2
DA:223,1
DA:225,3
DA:228,2
DA:230,2
DA:235,1
DA:237,1
DA:240,1
DA:246,2
DA:248,3
DA:249,2
DA:252,3
DA:253,1
DA:254,3
DA:255,0
DA:257,1
LF:104
LH:93
end_of_record
SF:lib\application\restaurants_bloc\restaurants_event.dart
DA:11,3
DA:15,1
DA:16,1
DA:18,1
DA:26,1
DA:28,1
DA:29,3
DA:31,1
DA:33,3
DA:39,1
DA:41,1
DA:42,2
DA:44,1
DA:45,2
DA:53,1
DA:55,1
DA:56,3
DA:58,1
DA:59,3
DA:65,1
DA:67,1
DA:68,2
DA:70,1
DA:71,2
DA:76,1
DA:77,1
DA:79,1
DA:86,1
DA:87,1
DA:89,1
DA:97,1
DA:99,1
DA:100,2
DA:102,1
DA:111,1
DA:114,1
DA:115,3
DA:117,1
LF:38
LH:38
end_of_record
SF:lib\application\restaurants_bloc\restaurants_state.dart
DA:11,2
DA:15,1
DA:16,1
DA:18,1
DA:25,1
DA:27,1
DA:30,1
DA:31,2
DA:38,1
DA:40,1
DA:43,1
DA:44,3
DA:51,1
DA:53,1
DA:56,1
DA:57,3
DA:63,1
DA:65,1
DA:68,1
DA:69,2
DA:76,1
DA:81,1
DA:84,1
DA:85,3
DA:89,1
DA:92,1
DA:93,1
LF:27
LH:27
end_of_record
SF:lib\presentation\shared\preferences\range_provider.dart
DA:12,2
DA:14,1
DA:15,1
DA:16,2
DA:17,1
LF:5
LH:5
end_of_record
SF:lib\presentation\shared\preferences\range_preference.dart
DA:11,1
DA:12,2
DA:13,1
DA:16,1
DA:17,2
DA:18,1
LF:6
LH:6
end_of_record
SF:lib\injection.dart
DA:9,33
DA:11,11
DA:13,22
LF:3
LH:3
end_of_record
SF:lib\presentation\edit_restaurant\edit_restaurant_page.dart
DA:18,0
DA:19,0
DA:21,0
DA:22,0
DA:28,0
DA:30,0
DA:31,0
DA:32,0
DA:33,0
DA:34,0
DA:38,0
DA:40,0
DA:41,0
DA:44,0
DA:45,0
DA:46,0
DA:54,0
DA:56,0
DA:57,0
LF:19
LH:0
end_of_record
SF:lib\application\shared\perks_bloc\perks_bloc.dart
DA:14,1
DA:16,2
DA:17,1
DA:18,2
DA:23,1
DA:27,1
DA:28,4
DA:29,2
DA:34,2
DA:35,1
LF:10
LH:10
end_of_record
SF:lib\application\shared\perks_bloc\perks_event.dart
DA:10,2
DA:14,0
DA:15,0
LF:3
LH:1
end_of_record
SF:lib\application\shared\perks_bloc\perks_state.dart
DA:10,2
DA:14,0
DA:15,0
DA:21,1
DA:23,2
DA:25,0
DA:26,0
LF:7
LH:3
end_of_record
SF:lib\presentation\shared\perks\perk_filter_chip.dart
DA:8,1
DA:11,1
DA:15,1
DA:16,1
DA:20,3
DA:23,1
DA:25,1
DA:27,1
DA:28,1
DA:29,1
DA:31,1
DA:32,3
DA:33,0
DA:34,0
DA:35,0
DA:40,0
LF:16
LH:12
end_of_record
SF:lib\infrastructure\google_place\google_place_repository.dart
DA:23,0
DA:24,0
DA:25,0
DA:35,0
DA:41,0
DA:42,0
DA:44,0
DA:45,0
DA:47,0
DA:48,0
DA:49,0
DA:55,0
DA:57,0
DA:61,0
DA:62,0
DA:64,0
DA:65,0
DA:70,0
DA:72,0
DA:76,0
DA:79,0
DA:80,0
DA:81,0
DA:82,0
DA:84,0
DA:100,0
DA:101,0
DA:102,0
DA:104,0
DA:105,0
DA:108,0
DA:113,0
DA:117,0
DA:120,0
DA:121,0
DA:122,0
DA:123,0
DA:124,0
DA:125,0
DA:126,0
DA:127,0
DA:128,0
DA:129,0
DA:131,0
DA:136,0
DA:137,0
DA:138,0
DA:139,0
DA:141,0
DA:142,0
DA:143,0
DA:144,0
DA:147,0
DA:156,0
DA:158,0
DA:159,0
DA:160,0
DA:162,0
DA:164,0
DA:167,0
DA:168,0
DA:169,0
DA:170,0
DA:171,0
DA:181,0
DA:184,0
DA:185,0
DA:188,0
DA:189,0
DA:190,0
DA:204,0
DA:205,0
DA:206,0
DA:208,0
DA:209,0
DA:215,0
DA:219,0
DA:222,0
DA:223,0
DA:226,0
DA:227,0
DA:228,0
DA:230,0
DA:231,0
DA:232,0
DA:233,0
DA:236,0
DA:237,0
DA:243,0
DA:244,0
DA:246,0
DA:249,0
LF:92
LH:0
end_of_record
SF:lib\infrastructure\push_notifications\push_notification_service.dart
DA:27,0
DA:36,0
DA:37,0
DA:47,0
DA:48,0
DA:49,0
DA:51,0
DA:53,0
DA:57,0
DA:58,0
DA:59,0
DA:60,0
DA:66,0
DA:67,0
DA:98,0
DA:99,0
DA:100,0
DA:101,0
DA:102,0
DA:105,0
DA:107,0
DA:108,0
DA:109,0
DA:110,0
DA:111,0
DA:112,0
DA:124,0
DA:130,0
DA:135,0
DA:139,0
DA:140,0
DA:141,0
DA:151,0
DA:161,0
DA:162,0
DA:163,0
DA:164,0
LF:37
LH:0
end_of_record
SF:lib\infrastructure\restaurants\restaurants_repository.dart
DA:43,0
DA:54,0
DA:55,0
DA:56,0
DA:58,0
DA:60,0
DA:63,0
DA:64,0
DA:69,0
DA:71,0
DA:72,0
DA:73,0
DA:76,0
DA:78,0
DA:79,0
DA:85,0
DA:89,0
DA:92,0
DA:96,0
DA:98,0
DA:101,0
DA:103,0
DA:106,0
DA:108,0
DA:109,0
DA:114,0
DA:119,0
DA:122,0
DA:123,0
DA:125,0
DA:127,0
DA:130,0
DA:132,0
DA:134,0
DA:135,0
DA:141,0
DA:144,0
DA:146,0
DA:148,0
DA:151,0
DA:153,0
DA:154,0
DA:160,0
DA:162,0
DA:164,0
DA:166,0
DA:168,0
DA:171,0
DA:172,0
DA:174,0
DA:179,0
DA:181,0
DA:182,0
DA:187,0
DA:190,0
DA:193,0
DA:195,0
DA:198,0
DA:200,0
DA:201,0
DA:204,0
DA:206,0
DA:207,0
DA:213,0
DA:216,0
DA:217,0
DA:219,0
DA:221,0
DA:226,0
DA:229,0
DA:230,0
DA:231,0
DA:232,0
DA:233,0
DA:236,0
DA:238,0
DA:239,0
DA:245,0
DA:248,0
DA:251,0
DA:253,0
DA:255,0
DA:256,0
DA:257,0
DA:259,0
DA:262,0
DA:263,0
DA:268,0
DA:269,0
DA:274,0
DA:277,0
DA:280,0
DA:283,0
DA:284,0
DA:285,0
DA:286,0
DA:290,0
DA:294,0
DA:295,0
DA:296,0
DA:297,0
DA:299,0
DA:300,0
DA:306,0
DA:307,0
DA:308,0
DA:313,0
DA:315,0
DA:316,0
DA:321,0
DA:325,0
DA:327,0
DA:328,0
DA:330,0
DA:331,0
DA:338,0
DA:341,0
DA:344,0
DA:345,0
DA:346,0
DA:347,0
DA:350,0
DA:351,0
DA:352,0
DA:355,0
DA:357,0
DA:358,0
DA:364,0
DA:367,0
DA:368,0
DA:369,0
DA:371,0
DA:373,0
DA:375,0
DA:377,0
DA:381,0
DA:385,0
DA:388,0
DA:389,0
DA:390,0
DA:392,0
DA:395,0
DA:398,0
DA:400,0
DA:401,0
DA:407,0
DA:414,0
DA:415,0
DA:416,0
DA:418,0
DA:420,0
DA:426,0
DA:427,0
DA:430,0
DA:431,0
DA:432,0
DA:434,0
DA:436,0
DA:437,0
DA:443,0
DA:446,0
DA:447,0
DA:449,0
DA:450,0
DA:452,0
DA:453,0
DA:454,0
DA:455,0
DA:459,0
DA:463,0
DA:465,0
DA:466,0
LF:172
LH:0
end_of_record
SF:lib\infrastructure\shared\analytics\firebase_analytics_provider.dart
DA:19,0
DA:21,0
DA:22,0
DA:25,0
DA:27,0
DA:28,0
DA:30,0
DA:31,0
DA:35,0
DA:36,0
DA:38,0
DA:41,0
DA:49,0
DA:51,0
DA:56,0
DA:60,0
DA:68,0
DA:69,0
DA:74,0
DA:78,0
DA:80,0
DA:82,0
DA:88,0
DA:91,0
DA:98,0
DA:102,0
DA:110,0
DA:113,0
DA:120,0
DA:125,0
DA:134,0
DA:139,0
DA:148,0
DA:151,0
DA:158,0
DA:161,0
DA:168,0
DA:172,0
DA:180,0
DA:184,0
DA:192,0
DA:193,0
DA:210,0
DA:213,0
DA:222,0
DA:225,0
DA:233,0
DA:237,0
DA:243,0
DA:246,0
DA:252,0
DA:259,0
DA:270,0
DA:272,0
LF:54
LH:0
end_of_record
SF:lib\infrastructure\shared\geocoding\geocoding_provider.dart
DA:15,0
DA:17,0
DA:21,0
DA:24,0
LF:4
LH:0
end_of_record
SF:lib\infrastructure\shared\location\location_provider.dart
DA:15,0
DA:16,0
DA:19,0
DA:22,0
DA:26,0
DA:27,0
DA:31,0
DA:32,0
DA:36,0
DA:37,0
LF:10
LH:0
end_of_record
SF:lib\infrastructure\shared\path_provider\path_provider.dart
DA:19,0
DA:22,0
DA:24,0
DA:28,0
DA:31,0
DA:33,0
LF:6
LH:0
end_of_record
SF:lib\infrastructure\shared\validators\validators.dart
DA:17,0
DA:20,0
DA:24,0
DA:26,0
DA:29,0
DA:31,0
DA:34,0
DA:36,0
DA:40,0
DA:41,0
LF:10
LH:0
end_of_record
SF:lib\infrastructure\users\user_repository.dart
DA:44,0
DA:45,0
DA:46,0
DA:47,0
DA:48,0
DA:51,0
DA:59,0
DA:62,0
DA:64,0
DA:65,0
DA:67,0
DA:70,0
DA:73,0
DA:74,0
DA:75,0
DA:76,0
DA:78,0
DA:80,0
DA:81,0
DA:82,0
DA:84,0
DA:86,0
DA:92,0
DA:94,0
DA:95,0
DA:101,0
DA:103,0
DA:105,0
DA:107,0
DA:109,0
DA:110,0
DA:163,0
DA:166,0
DA:167,0
DA:168,0
DA:172,0
DA:173,0
DA:174,0
DA:175,0
DA:180,0
DA:183,0
DA:188,0
DA:191,0
DA:192,0
DA:195,0
DA:200,0
DA:202,0
DA:203,0
DA:205,0
DA:211,0
DA:213,0
DA:214,0
DA:221,0
DA:223,0
DA:230,0
DA:238,0
DA:240,0
DA:245,0
DA:247,0
DA:255,0
DA:257,0
DA:258,0
DA:265,0
DA:268,0
DA:269,0
DA:273,0
DA:274,0
DA:280,0
DA:281,0
DA:288,0
DA:292,0
DA:293,0
DA:295,0
DA:296,0
DA:297,0
DA:300,0
DA:301,0
DA:304,0
DA:305,0
DA:306,0
DA:308,0
DA:309,0
DA:310,0
DA:311,0
DA:314,0
DA:320,0
DA:321,0
DA:323,0
DA:324,0
DA:325,0
DA:331,0
DA:337,0
DA:338,0
DA:341,0
DA:343,0
DA:344,0
DA:347,0
DA:351,0
DA:353,0
DA:354,0
DA:360,0
DA:363,0
DA:364,0
DA:366,0
DA:368,0
DA:369,0
DA:370,0
DA:371,0
DA:373,0
DA:374,0
DA:386,0
DA:389,0
DA:390,0
DA:393,0
DA:399,0
DA:410,0
DA:411,0
DA:414,0
DA:419,0
DA:421,0
DA:422,0
DA:424,0
DA:427,0
DA:431,0
DA:432,0
DA:434,0
DA:435,0
DA:441,0
DA:444,0
DA:448,0
DA:451,0
DA:452,0
DA:453,0
DA:457,0
DA:462,0
DA:463,0
DA:464,0
DA:466,0
DA:481,0
DA:482,0
DA:483,0
DA:486,0
DA:487,0
DA:490,0
DA:491,0
DA:492,0
DA:494,0
DA:495,0
DA:496,0
DA:497,0
DA:500,0
DA:504,0
DA:505,0
DA:507,0
DA:508,0
DA:514,0
DA:517,0
DA:518,0
DA:520,0
DA:521,0
DA:522,0
DA:523,0
DA:525,0
DA:527,0
DA:528,0
DA:534,0
DA:539,0
DA:545,0
DA:546,0
DA:549,0
DA:550,0
DA:553,0
DA:554,0
DA:557,0
DA:559,0
DA:560,0
DA:564,0
DA:565,0
DA:566,0
DA:568,0
DA:570,0
DA:572,0
DA:575,0
DA:579,0
DA:581,0
DA:582,0
DA:589,0
DA:591,0
DA:594,0
DA:595,0
DA:597,0
DA:599,0
DA:602,0
DA:604,0
DA:606,0
DA:607,0
DA:608,0
DA:609,0
DA:611,0
DA:613,0
DA:615,0
DA:616,0
LF:202
LH:0
end_of_record
SF:lib\injection.config.dart
DA:48,11
DA:50,11
DA:51,11
DA:52,0
DA:53,22
DA:54,11
DA:55,11
DA:56,11
DA:57,11
DA:58,11
DA:59,0
DA:60,11
DA:61,11
DA:62,0
DA:63,11
DA:64,11
DA:65,11
DA:66,11
DA:67,11
DA:68,11
DA:69,22
DA:70,15
DA:71,11
DA:72,11
DA:73,11
DA:74,11
DA:75,0
DA:76,11
DA:77,11
DA:78,4
DA:79,11
DA:80,11
DA:81,0
DA:82,11
DA:83,11
DA:84,11
DA:85,11
DA:86,11
DA:87,15
DA:88,11
DA:89,11
DA:90,11
DA:91,11
DA:92,0
DA:93,0
DA:94,11
LF:46
LH:39
end_of_record
SF:lib\presentation\add_restaurant\add_restaurant_form.dart
DA:24,1
DA:26,1
DA:28,1
DA:29,1
DA:58,3
DA:59,3
DA:61,1
DA:62,1
DA:63,0
DA:64,0
DA:65,0
DA:66,0
DA:67,0
DA:69,1
DA:70,2
DA:73,1
DA:75,1
DA:76,2
DA:77,3
DA:78,3
DA:79,3
DA:80,2
DA:85,0
DA:86,0
DA:90,0
DA:96,0
DA:101,0
DA:104,0
DA:105,0
DA:110,0
DA:111,0
DA:113,0
DA:114,0
DA:115,0
DA:116,0
DA:117,0
DA:120,0
DA:121,0
DA:122,0
DA:125,0
DA:128,0
DA:129,0
DA:130,0
DA:140,1
DA:142,1
DA:143,0
DA:144,0
DA:145,0
DA:146,0
DA:147,0
DA:148,0
DA:149,0
DA:157,0
DA:158,0
DA:159,0
DA:160,0
DA:161,0
DA:162,0
DA:172,0
DA:174,0
DA:177,0
DA:178,0
DA:179,0
DA:182,0
DA:183,0
DA:187,1
DA:188,1
DA:189,1
DA:190,1
DA:191,2
DA:193,1
DA:195,1
DA:197,1
DA:199,1
DA:200,1
DA:201,0
DA:202,0
DA:204,1
DA:206,1
DA:207,0
DA:208,0
DA:209,0
DA:210,0
DA:216,1
DA:217,1
DA:218,1
DA:219,1
DA:222,1
DA:224,1
DA:232,1
DA:234,1
DA:249,1
DA:250,1
DA:261,1
DA:262,1
DA:270,1
DA:271,1
DA:281,1
DA:282,1
DA:283,1
DA:289,2
DA:290,1
DA:291,1
DA:292,1
DA:294,0
DA:295,0
DA:297,0
DA:298,0
DA:301,3
DA:302,1
DA:304,1
DA:306,1
DA:312,1
DA:313,1
DA:324,1
DA:325,1
DA:333,1
DA:334,1
DA:343,1
DA:344,1
DA:350,1
DA:351,1
DA:359,1
DA:360,1
DA:368,1
DA:369,1
DA:377,1
DA:378,1
DA:387,1
DA:388,1
DA:396,1
DA:397,1
DA:405,1
DA:406,1
DA:414,1
DA:415,1
DA:423,1
DA:424,1
DA:432,1
DA:433,1
DA:441,1
DA:443,1
DA:446,1
DA:447,0
DA:460,1
DA:462,2
DA:463,2
DA:464,2
DA:465,2
DA:466,2
DA:467,2
DA:468,2
DA:469,2
DA:470,2
DA:471,2
DA:472,2
DA:473,2
DA:474,2
DA:475,2
DA:476,2
DA:477,2
DA:478,1
DA:481,0
DA:483,0
DA:484,0
DA:488,0
DA:489,0
DA:490,0
DA:491,0
DA:496,0
DA:498,0
DA:499,0
DA:501,0
DA:503,0
DA:504,0
DA:505,0
DA:508,0
DA:509,0
DA:511,0
DA:544,0
DA:546,0
DA:547,0
DA:548,0
DA:549,0
DA:550,0
DA:551,0
DA:555,0
DA:556,0
DA:557,0
DA:558,0
DA:559,0
DA:560,0
DA:561,0
DA:563,0
DA:564,0
DA:565,0
DA:567,0
DA:568,0
DA:569,0
DA:570,0
DA:571,0
DA:572,0
DA:577,0
DA:578,0
DA:579,0
DA:581,0
DA:582,0
DA:583,0
DA:585,0
DA:587,0
DA:589,0
DA:590,0
DA:591,0
DA:593,0
DA:594,0
DA:595,0
LF:216
LH:105
end_of_record
SF:lib\presentation\shared\perks\perk_filter_chip_wrap.dart
DA:14,11
DA:16,1
DA:18,1
DA:19,2
DA:20,2
DA:21,2
DA:22,1
DA:23,1
DA:24,1
DA:25,1
LF:10
LH:10
end_of_record
SF:lib\presentation\add_restaurant\add_restaurant_instructions\add_restaurant_instructions_form.dart
DA:12,11
DA:14,1
DA:16,1
DA:17,1
DA:18,1
DA:19,1
DA:20,1
DA:21,3
DA:23,1
DA:26,1
DA:27,1
DA:28,1
DA:30,1
DA:31,3
DA:35,3
DA:36,3
DA:38,1
DA:39,1
DA:41,1
DA:42,3
DA:46,3
DA:47,3
DA:49,1
DA:51,1
DA:56,0
DA:57,0
DA:58,0
DA:59,0
DA:62,0
DA:63,0
DA:70,1
DA:71,1
DA:73,1
DA:75,1
DA:76,0
DA:77,0
DA:78,0
DA:79,0
DA:84,1
DA:86,1
DA:87,3
DA:97,2
LF:42
LH:32
end_of_record
SF:lib\presentation\add_restaurant\add_restaurant_page.dart
DA:18,1
DA:20,0
DA:22,1
DA:23,1
DA:29,1
DA:31,1
DA:32,2
DA:33,2
DA:34,2
DA:35,2
DA:39,1
DA:41,1
DA:42,2
DA:43,1
DA:45,2
DA:46,2
DA:51,1
DA:53,2
DA:54,1
LF:19
LH:18
end_of_record
SF:lib\presentation\select_restaurant\select_restaurant_page.dart
DA:14,11
DA:16,0
DA:17,0
DA:23,0
DA:25,0
DA:26,0
DA:27,0
DA:31,0
DA:33,0
DA:34,0
DA:37,0
DA:38,0
DA:39,0
DA:49,0
DA:51,0
DA:52,0
LF:16
LH:1
end_of_record
SF:lib\presentation\add_restaurant\add_restaurant_instructions\add_restaurant_instructions_page.dart
DA:17,4
DA:18,0
DA:20,1
DA:22,1
DA:29,1
DA:31,1
DA:32,2
DA:33,2
DA:34,2
DA:35,2
DA:39,1
DA:41,1
DA:42,2
DA:43,4
DA:48,1
DA:50,2
DA:51,1
LF:17
LH:16
end_of_record
SF:lib\presentation\edit_restaurant\edit_restaurant_form.dart
DA:18,11
DA:20,0
DA:21,0
DA:55,0
DA:56,0
DA:57,0
DA:58,0
DA:59,0
DA:60,0
DA:61,0
DA:63,0
DA:64,0
DA:67,0
DA:69,0
DA:70,0
DA:71,0
DA:74,0
DA:75,0
DA:79,0
DA:85,0
DA:90,0
DA:93,0
DA:94,0
DA:95,0
DA:100,0
DA:101,0
DA:103,0
DA:104,0
DA:105,0
DA:106,0
DA:107,0
DA:110,0
DA:111,0
DA:112,0
DA:115,0
DA:118,0
DA:119,0
DA:120,0
DA:131,0
DA:132,0
DA:133,0
DA:134,0
DA:135,0
DA:136,0
DA:137,0
DA:138,0
DA:139,0
DA:140,0
DA:141,0
DA:142,0
DA:143,0
DA:144,0
DA:145,0
DA:146,0
DA:147,0
DA:148,0
DA:149,0
DA:150,0
DA:151,0
DA:152,0
DA:153,0
DA:156,0
DA:158,0
DA:159,0
DA:160,0
DA:161,0
DA:162,0
DA:163,0
DA:164,0
DA:165,0
DA:173,0
DA:175,0
DA:181,0
DA:183,0
DA:184,0
DA:188,0
DA:189,0
DA:190,0
DA:191,0
DA:192,0
DA:194,0
DA:196,0
DA:198,0
DA:200,0
DA:201,0
DA:202,0
DA:203,0
DA:205,0
DA:207,0
DA:208,0
DA:209,0
DA:210,0
DA:211,0
DA:217,0
DA:218,0
DA:219,0
DA:220,0
DA:223,0
DA:225,0
DA:231,0
DA:233,0
DA:241,0
DA:242,0
DA:250,0
DA:251,0
DA:259,0
DA:260,0
DA:270,0
DA:271,0
DA:272,0
DA:278,0
DA:279,0
DA:280,0
DA:281,0
DA:283,0
DA:284,0
DA:286,0
DA:287,0
DA:290,0
DA:291,0
DA:293,0
DA:295,0
DA:301,0
DA:302,0
DA:313,0
DA:314,0
DA:322,0
DA:323,0
DA:332,0
DA:333,0
DA:339,0
DA:340,0
DA:348,0
DA:349,0
DA:357,0
DA:358,0
DA:366,0
DA:367,0
DA:376,0
DA:377,0
DA:385,0
DA:386,0
DA:394,0
DA:395,0
DA:403,0
DA:404,0
DA:412,0
DA:413,0
DA:421,0
DA:422,0
DA:430,0
DA:432,0
DA:435,0
DA:436,0
DA:450,0
DA:452,0
DA:453,0
DA:454,0
DA:455,0
DA:456,0
DA:457,0
DA:458,0
DA:459,0
DA:460,0
DA:461,0
DA:462,0
DA:463,0
DA:464,0
DA:465,0
DA:466,0
DA:467,0
DA:468,0
DA:471,0
DA:473,0
DA:474,0
DA:476,0
DA:478,0
DA:479,0
DA:480,0
DA:483,0
DA:484,0
DA:486,0
DA:518,0
DA:520,0
DA:521,0
DA:522,0
DA:523,0
DA:524,0
DA:525,0
DA:527,0
DA:528,0
DA:529,0
DA:530,0
DA:531,0
DA:532,0
DA:533,0
DA:534,0
DA:535,0
DA:537,0
DA:538,0
DA:539,0
DA:541,0
DA:542,0
DA:543,0
DA:544,0
DA:545,0
DA:546,0
DA:547,0
DA:550,0
DA:551,0
DA:552,0
DA:555,0
DA:556,0
DA:558,0
DA:560,0
DA:562,0
DA:563,0
DA:564,0
DA:566,0
DA:567,0
DA:568,0
DA:569,0
LF:222
LH:1
end_of_record
SF:lib\presentation\restaurant_details\body\restaurant_details_specials.dart
DA:11,0
DA:12,0
DA:14,0
DA:16,0
DA:20,0
DA:27,0
DA:29,0
DA:31,0
DA:33,0
DA:38,0
DA:40,0
DA:41,0
DA:50,0
DA:55,0
DA:57,0
DA:58,0
DA:67,0
DA:72,0
DA:74,0
DA:75,0
DA:84,0
DA:89,0
DA:91,0
DA:92,0
DA:101,0
DA:106,0
DA:108,0
DA:109,0
DA:116,0
DA:121,0
DA:123,0
DA:124,0
DA:131,0
DA:136,0
DA:138,0
DA:139,0
LF:36
LH:0
end_of_record
SF:lib\presentation\restaurant_details\body\restaurant_details_title.dart
DA:19,0
DA:20,0
DA:22,0
DA:23,0
DA:27,0
DA:28,0
DA:29,0
DA:30,0
DA:32,0
DA:33,0
DA:34,0
DA:36,0
DA:43,0
DA:44,0
DA:45,0
DA:47,0
DA:50,0
DA:57,0
DA:58,0
DA:59,0
DA:61,0
DA:64,0
DA:65,0
DA:66,0
DA:70,0
DA:71,0
DA:73,0
DA:75,0
DA:77,0
DA:85,0
DA:86,0
DA:88,0
DA:89,0
DA:93,0
DA:96,0
DA:100,0
DA:101,0
DA:102,0
DA:103,0
DA:104,0
DA:105,0
DA:108,0
DA:110,0
DA:113,0
DA:115,0
DA:116,0
DA:119,0
DA:120,0
DA:123,0
DA:124,0
DA:125,0
DA:126,0
DA:128,0
DA:129,0
DA:130,0
DA:131,0
DA:132,0
DA:133,0
DA:139,0
DA:140,0
DA:141,0
DA:142,0
DA:144,0
DA:148,0
DA:149,0
DA:153,0
DA:154,0
DA:168,0
DA:170,0
DA:173,0
DA:177,0
DA:179,0
DA:180,0
DA:181,0
DA:182,0
DA:183,0
DA:184,0
DA:190,0
DA:191,0
DA:192,0
DA:193,0
DA:198,0
DA:199,0
DA:202,0
DA:203,0
DA:208,0
DA:209,0
DA:210,0
DA:214,0
DA:218,0
DA:219,0
DA:220,0
DA:225,0
DA:229,0
DA:230,0
DA:231,0
DA:236,0
DA:240,0
DA:241,0
DA:242,0
DA:252,0
DA:253,0
DA:254,0
DA:255,0
DA:256,0
DA:257,0
DA:258,0
DA:259,0
DA:260,0
DA:262,0
DA:263,0
DA:264,0
DA:266,0
DA:268,0
LF:114
LH:0
end_of_record
SF:lib\presentation\restaurant_details\header\diagonally_cut_colored_image.dart
DA:8,0
DA:9,0
DA:14,0
DA:17,0
DA:18,0
DA:19,0
DA:21,0
DA:22,0
DA:29,0
DA:31,0
DA:32,0
DA:33,0
DA:34,0
DA:35,0
DA:40,0
LF:15
LH:0
end_of_record
SF:lib\presentation\restaurant_details\header\restaurant_details_header.dart
DA:13,0
DA:15,0
DA:17,0
DA:18,0
DA:24,0
DA:25,0
DA:27,0
DA:28,0
DA:38,0
DA:39,0
DA:40,0
DA:41,0
DA:42,0
DA:48,0
DA:50,0
DA:51,0
DA:52,0
DA:53,0
DA:56,0
DA:57,0
DA:58,0
LF:21
LH:0
end_of_record
SF:lib\presentation\restaurant_details\restaurant_details.dart
DA:23,0
DA:28,0
DA:30,0
DA:31,0
DA:35,0
DA:36,0
DA:37,0
DA:39,0
DA:43,0
DA:46,0
DA:61,0
DA:62,0
DA:63,0
DA:65,0
DA:67,0
DA:68,0
DA:70,0
DA:71,0
DA:75,0
DA:76,0
DA:77,0
DA:78,0
DA:79,0
DA:80,0
DA:81,0
DA:82,0
DA:83,0
DA:84,0
DA:85,0
DA:86,0
DA:88,0
DA:89,0
DA:90,0
DA:91,0
DA:97,0
DA:99,0
DA:101,0
DA:105,0
DA:106,0
DA:108,0
DA:110,0
DA:112,0
DA:113,0
DA:114,0
DA:115,0
DA:126,0
DA:127,0
DA:128,0
DA:129,0
DA:130,0
DA:132,0
DA:133,0
DA:135,0
DA:136,0
DA:137,0
DA:138,0
DA:139,0
DA:140,0
DA:143,0
DA:159,0
DA:160,0
DA:161,0
DA:162,0
DA:164,0
DA:165,0
DA:166,0
DA:168,0
DA:170,0
DA:172,0
DA:173,0
DA:174,0
DA:175,0
DA:176,0
LF:73
LH:0
end_of_record
SF:lib\presentation\select_restaurant\select_restaurant_form.dart
DA:12,11
DA:14,0
DA:15,0
DA:19,0
DA:21,0
DA:22,0
DA:23,0
DA:24,0
DA:31,0
DA:32,0
DA:34,0
DA:35,0
LF:12
LH:1
end_of_record
SF:lib\presentation\shared\select_restaurant_list.dart
DA:12,0
DA:13,0
DA:15,0
DA:16,0
DA:20,0
DA:22,0
DA:23,0
DA:24,0
DA:25,0
DA:26,0
DA:28,0
DA:29,0
DA:30,0
DA:32,0
DA:33,0
DA:34,0
DA:44,0
DA:47,0
DA:49,0
DA:52,0
DA:57,0
DA:58,0
LF:22
LH:0
end_of_record
SF:lib\presentation\shared\search_bar_restaurant_names.dart
DA:10,11
DA:12,0
DA:14,0
DA:21,0
DA:23,0
DA:24,0
DA:27,0
DA:29,0
DA:31,0
DA:32,0
DA:33,0
DA:36,0
DA:37,0
DA:38,0
DA:39,0
DA:40,0
DA:41,0
DA:42,0
DA:49,0
DA:50,0
DA:51,0
DA:52,0
LF:22
LH:1
end_of_record
SF:lib\presentation\favorites\favorites_page.dart
DA:16,0
DA:18,0
DA:20,0
DA:21,0
DA:27,0
DA:29,0
DA:30,0
DA:31,0
DA:35,0
DA:37,0
DA:38,0
DA:39,0
DA:40,0
DA:41,0
DA:42,0
DA:48,0
DA:50,0
DA:51,0
LF:18
LH:0
end_of_record
SF:lib\presentation\list\list_form.dart
DA:16,0
DA:18,0
DA:20,0
DA:21,0
DA:25,0
DA:27,0
DA:35,0
DA:42,0
DA:47,0
DA:48,0
DA:49,0
DA:50,0
DA:51,0
DA:52,0
DA:53,0
DA:54,0
DA:55,0
DA:56,0
DA:57,0
DA:60,0
DA:62,0
DA:63,0
DA:64,0
DA:65,0
DA:66,0
DA:67,0
DA:71,0
DA:73,0
DA:74,0
DA:75,0
DA:77,0
DA:78,0
DA:80,0
DA:82,0
DA:83,0
DA:84,0
DA:85,0
DA:87,0
DA:88,0
DA:90,0
DA:91,0
DA:93,0
DA:94,0
DA:95,0
DA:96,0
DA:97,0
DA:98,0
DA:117,0
DA:119,0
DA:120,0
DA:122,0
DA:123,0
DA:125,0
DA:126,0
DA:127,0
DA:136,0
DA:137,0
DA:139,0
DA:142,0
DA:143,0
LF:60
LH:0
end_of_record
SF:lib\presentation\shared\restaurant_list.dart
DA:21,0
DA:27,0
DA:29,0
DA:30,0
DA:34,0
DA:35,0
DA:39,0
DA:40,0
DA:41,0
DA:42,0
DA:43,0
DA:44,0
DA:47,0
DA:49,0
DA:52,0
DA:53,0
DA:54,0
DA:56,0
DA:57,0
DA:58,0
DA:60,0
DA:61,0
DA:62,0
DA:67,0
DA:69,0
DA:70,0
DA:71,0
DA:75,0
DA:76,0
DA:77,0
DA:78,0
DA:80,0
DA:81,0
DA:82,0
DA:84,0
DA:85,0
DA:86,0
DA:92,0
DA:93,0
DA:94,0
DA:97,0
DA:99,0
DA:101,0
DA:102,0
DA:107,0
DA:108,0
DA:109,0
DA:110,0
DA:111,0
DA:118,0
DA:119,0
DA:122,0
DA:124,0
DA:128,0
DA:130,0
DA:131,0
DA:132,0
DA:133,0
DA:139,0
DA:140,0
DA:141,0
DA:142,0
DA:143,0
DA:144,0
DA:146,0
DA:148,0
DA:150,0
DA:153,0
DA:154,0
DA:155,0
DA:156,0
DA:158,0
DA:159,0
DA:169,0
DA:170,0
DA:172,0
DA:179,0
LF:77
LH:0
end_of_record
SF:lib\presentation\home\home.dart
DA:34,0
DA:35,0
DA:37,0
DA:38,0
DA:42,0
DA:49,0
DA:51,0
DA:53,0
DA:54,0
DA:57,0
DA:59,0
DA:61,0
DA:64,0
DA:68,0
DA:69,0
DA:70,0
DA:74,0
DA:76,0
DA:77,0
DA:78,0
DA:80,0
DA:81,0
DA:82,0
DA:83,0
DA:87,0
DA:88,0
DA:90,0
DA:91,0
DA:95,0
DA:96,0
DA:97,0
DA:98,0
DA:102,0
DA:103,0
DA:104,0
DA:108,0
DA:109,0
DA:110,0
DA:111,0
DA:113,0
DA:114,0
DA:118,0
DA:119,0
DA:120,0
DA:121,0
DA:124,0
DA:125,0
DA:140,0
DA:142,0
DA:144,0
DA:145,0
DA:147,0
DA:148,0
DA:149,0
DA:152,0
DA:153,0
DA:157,0
DA:158,0
DA:159,0
DA:160,0
DA:162,0
DA:163,0
DA:165,0
DA:167,0
DA:168,0
DA:169,0
DA:170,0
DA:171,0
DA:172,0
DA:173,0
DA:190,0
DA:192,0
DA:193,0
DA:197,0
DA:198,0
DA:202,0
DA:204,0
DA:205,0
DA:208,0
DA:209,0
DA:210,0
DA:214,0
DA:215,0
DA:216,0
DA:217,0
DA:218,0
DA:219,0
DA:220,0
DA:221,0
DA:222,0
DA:226,0
DA:227,0
DA:228,0
DA:229,0
DA:230,0
DA:236,0
DA:237,0
DA:241,0
DA:242,0
DA:243,0
DA:245,0
DA:248,0
DA:249,0
DA:250,0
DA:260,0
DA:262,0
DA:263,0
DA:266,0
DA:267,0
DA:268,0
DA:269,0
DA:270,0
DA:271,0
DA:278,0
DA:279,0
DA:281,0
DA:285,0
DA:286,0
DA:287,0
DA:289,0
DA:291,0
DA:292,0
DA:293,0
DA:303,0
DA:304,0
DA:308,0
DA:309,0
DA:310,0
DA:311,0
DA:319,0
DA:321,0
DA:323,0
DA:325,0
DA:328,0
DA:329,0
DA:330,0
DA:331,0
DA:345,0
DA:353,0
DA:354,0
DA:355,0
DA:356,0
DA:358,0
DA:359,0
DA:373,0
DA:374,0
DA:375,0
DA:376,0
DA:378,0
DA:379,0
DA:380,0
DA:382,0
DA:384,0
DA:386,0
DA:387,0
DA:388,0
DA:389,0
DA:399,0
DA:400,0
DA:401,0
DA:403,0
DA:404,0
DA:406,0
DA:407,0
DA:410,0
DA:411,0
LF:166
LH:0
end_of_record
SF:lib\presentation\admin\admin_add_restaurants\admin_add_restaurants_form.dart
DA:15,3
DA:17,0
DA:19,0
DA:27,0
DA:30,0
DA:31,0
DA:34,0
DA:36,0
DA:37,0
DA:39,0
DA:41,0
DA:42,0
DA:46,0
DA:47,0
DA:48,0
DA:50,0
DA:51,0
DA:52,0
DA:61,0
DA:62,0
DA:63,0
DA:64,0
DA:65,0
DA:67,0
DA:69,0
DA:70,0
DA:71,0
DA:72,0
DA:73,0
DA:74,0
DA:76,0
DA:82,0
DA:84,0
DA:85,0
DA:94,0
DA:95,0
DA:96,0
DA:97,0
DA:98,0
DA:99,0
DA:100,0
DA:102,0
DA:105,0
DA:106,0
DA:108,0
DA:111,0
DA:127,0
DA:128,0
DA:129,0
DA:130,0
DA:135,0
DA:138,0
DA:140,0
DA:141,0
DA:142,0
DA:143,0
DA:144,0
DA:146,0
DA:148,0
DA:149,0
DA:150,0
DA:153,0
DA:155,0
DA:156,0
DA:160,0
DA:161,0
DA:162,0
DA:163,0
DA:169,0
DA:170,0
DA:172,0
DA:174,0
DA:176,0
DA:177,0
DA:178,0
DA:179,0
DA:181,0
DA:182,0
DA:183,0
DA:196,0
DA:197,0
DA:198,0
DA:199,0
DA:200,0
LF:84
LH:1
end_of_record
SF:lib\presentation\admin\admin_add_restaurants\map\admin_add_restaurants_map_page.dart
DA:10,0
DA:13,0
DA:17,0
DA:19,0
DA:20,0
DA:23,0
DA:24,0
LF:7
LH:0
end_of_record
SF:lib\presentation\admin\admin_add_restaurants\results\admin_add_restaurants_results_page.dart
DA:13,0
DA:18,0
DA:24,0
DA:26,0
DA:27,0
DA:28,0
DA:29,0
DA:30,0
DA:31,0
DA:32,0
DA:34,0
DA:35,0
LF:12
LH:0
end_of_record
SF:lib\presentation\admin\admin_add_restaurants\admin_add_restaurants_page.dart
DA:9,3
DA:11,0
DA:13,0
DA:14,0
LF:4
LH:1
end_of_record
SF:lib\presentation\admin\admin_add_restaurants\map\admin_add_restaurants_map_form.dart
DA:13,0
DA:16,0
DA:20,0
DA:22,0
DA:33,0
DA:34,0
DA:37,0
DA:38,0
DA:40,0
DA:41,0
DA:42,0
DA:43,0
DA:44,0
DA:49,0
DA:50,0
DA:51,0
DA:52,0
DA:53,0
DA:56,0
DA:57,0
DA:63,0
DA:65,0
DA:66,0
DA:67,0
DA:68,0
DA:69,0
DA:73,0
DA:74,0
DA:75,0
DA:78,0
DA:79,0
DA:80,0
DA:82,0
DA:83,0
DA:84,0
DA:87,0
DA:88,0
DA:91,0
DA:95,0
DA:96,0
DA:100,0
DA:102,0
DA:104,0
DA:106,0
DA:107,0
DA:111,0
DA:112,0
DA:113,0
DA:114,0
DA:115,0
DA:116,0
DA:117,0
DA:118,0
DA:119,0
DA:120,0
DA:121,0
DA:124,0
DA:125,0
DA:126,0
DA:127,0
DA:128,0
DA:135,0
DA:137,0
DA:139,0
DA:140,0
DA:141,0
DA:143,0
DA:146,0
DA:148,0
DA:149,0
DA:151,0
DA:154,0
DA:160,0
DA:161,0
DA:162,0
DA:163,0
DA:166,0
DA:167,0
DA:168,0
DA:169,0
DA:170,0
DA:171,0
DA:172,0
DA:191,0
DA:193,0
DA:194,0
LF:86
LH:0
end_of_record
SF:lib\presentation\admin\admin_add_restaurants\results\admin_add_restaurants_results_form.dart
DA:14,3
DA:16,0
DA:18,0
DA:23,0
DA:28,0
DA:29,0
DA:32,0
DA:34,0
DA:37,0
DA:44,0
DA:46,0
DA:47,0
DA:49,0
DA:51,0
DA:53,0
DA:56,0
DA:57,0
DA:58,0
DA:60,0
DA:62,0
DA:63,0
DA:64,0
DA:65,0
DA:66,0
DA:70,0
DA:75,0
DA:79,0
DA:81,0
DA:83,0
DA:86,0
DA:87,0
DA:93,0
DA:95,0
DA:96,0
DA:97,0
DA:99,0
DA:101,0
DA:102,0
DA:106,0
DA:107,0
DA:108,0
DA:109,0
DA:113,0
DA:114,0
DA:115,0
DA:116,0
DA:119,0
DA:121,0
DA:140,0
DA:141,0
DA:142,0
DA:148,0
DA:149,0
DA:151,0
DA:153,0
DA:154,0
DA:155,0
DA:157,0
DA:160,0
DA:162,0
DA:163,0
DA:164,0
DA:165,0
DA:166,0
DA:167,0
DA:168,0
DA:169,0
DA:170,0
DA:171,0
DA:172,0
DA:174,0
DA:175,0
DA:176,0
DA:179,0
DA:180,0
DA:182,0
DA:185,0
DA:186,0
DA:187,0
DA:189,0
DA:201,0
DA:202,0
DA:206,0
DA:207,0
DA:208,0
DA:209,0
DA:211,0
DA:212,0
DA:215,0
DA:217,0
DA:219,0
DA:220,0
DA:224,0
DA:225,0
DA:226,0
DA:227,0
DA:228,0
DA:229,0
DA:247,0
DA:249,0
LF:100
LH:1
end_of_record
SF:lib\presentation\admin\admin_list_page\admin_list_form.dart
DA:9,3
DA:11,0
DA:13,0
DA:14,0
DA:15,0
DA:18,0
DA:19,0
DA:20,0
LF:8
LH:1
end_of_record
SF:lib\presentation\admin\admin_list_page\admin_list_page.dart
DA:9,3
DA:11,0
DA:13,0
DA:14,0
LF:4
LH:1
end_of_record
SF:lib\presentation\map\map_page.dart
DA:15,0
DA:17,0
DA:19,0
DA:20,0
DA:26,0
DA:28,0
DA:29,0
DA:32,0
DA:34,0
DA:35,0
DA:36,0
DA:37,0
DA:38,0
DA:39,0
DA:44,0
DA:46,0
DA:47,0
LF:17
LH:0
end_of_record
SF:lib\presentation\list\list_page.dart
DA:14,0
DA:16,0
DA:18,0
DA:19,0
DA:23,0
DA:25,0
DA:26,0
DA:27,0
DA:28,0
DA:29,0
DA:30,0
LF:11
LH:0
end_of_record
SF:lib\presentation\shared\themes\dark_theme_provider.dart
DA:12,0
DA:14,0
DA:15,0
DA:16,0
DA:17,0
LF:5
LH:0
end_of_record
SF:lib\presentation\shared\app_drawer\location_list_tile.dart
DA:11,3
DA:13,0
DA:14,0
DA:23,0
DA:25,0
DA:26,0
DA:29,0
DA:31,0
DA:32,0
DA:33,0
DA:35,0
DA:37,0
DA:38,0
DA:41,0
DA:44,0
DA:45,0
DA:46,0
DA:47,0
DA:48,0
DA:50,0
DA:52,0
DA:54,0
DA:55,0
DA:56,0
DA:62,0
DA:69,0
DA:71,0
DA:72,0
DA:75,0
DA:76,0
DA:78,0
DA:79,0
DA:80,0
DA:81,0
DA:82,0
DA:84,0
DA:86,0
DA:87,0
DA:88,0
DA:89,0
DA:90,0
DA:91,0
DA:94,0
DA:95,0
DA:99,0
DA:105,0
DA:106,0
DA:107,0
DA:108,0
DA:109,0
DA:110,0
DA:111,0
DA:112,0
DA:121,0
DA:122,0
DA:124,0
DA:126,0
DA:128,0
DA:129,0
DA:130,0
DA:132,0
DA:133,0
LF:62
LH:1
end_of_record
SF:lib\presentation\list\search_bar.dart
DA:12,0
DA:14,0
DA:16,0
DA:17,0
DA:24,0
DA:26,0
DA:27,0
DA:30,0
DA:32,0
DA:34,0
DA:35,0
DA:36,0
DA:39,0
DA:40,0
DA:41,0
DA:42,0
DA:43,0
DA:44,0
DA:45,0
DA:52,0
DA:53,0
DA:54,0
DA:55,0
LF:23
LH:0
end_of_record
SF:lib\presentation\map\map_form.dart
DA:24,0
DA:26,0
DA:28,0
DA:29,0
DA:41,0
DA:43,0
DA:44,0
DA:45,0
DA:48,0
DA:49,0
DA:50,0
DA:52,0
DA:53,0
DA:54,0
DA:55,0
DA:58,0
DA:59,0
DA:60,0
DA:64,0
DA:66,0
DA:72,0
DA:73,0
DA:75,0
DA:76,0
DA:77,0
DA:78,0
DA:80,0
DA:81,0
DA:85,0
DA:87,0
DA:90,0
DA:92,0
DA:93,0
DA:94,0
DA:95,0
DA:97,0
DA:98,0
DA:99,0
DA:100,0
DA:101,0
DA:102,0
DA:110,0
DA:111,0
DA:114,0
DA:115,0
DA:117,0
DA:129,0
DA:131,0
DA:134,0
DA:135,0
DA:136,0
DA:147,0
DA:149,0
DA:150,0
DA:151,0
DA:154,0
DA:155,0
DA:157,0
DA:158,0
DA:162,0
DA:163,0
DA:164,0
DA:167,0
DA:168,0
DA:171,0
DA:172,0
DA:183,0
DA:184,0
DA:185,0
DA:198,0
DA:202,0
DA:203,0
DA:207,0
DA:208,0
DA:227,0
DA:229,0
DA:230,0
LF:77
LH:0
end_of_record
SF:lib\presentation\shared\themes\dark_theme_preference.dart
DA:11,0
DA:12,0
DA:13,0
DA:16,0
DA:17,0
DA:18,0
LF:6
LH:0
end_of_record
SF:lib\presentation\login\login_page.dart
DA:13,0
DA:19,0
DA:21,0
DA:22,0
DA:26,0
DA:27,0
DA:29,0
DA:31,0
DA:32,0
DA:33,0
DA:34,0
LF:11
LH:0
end_of_record
SF:lib\presentation\login\buttons\apple_login_button.dart
DA:13,3
DA:15,0
DA:17,0
DA:18,0
DA:20,0
DA:24,0
DA:25,0
DA:26,0
DA:29,0
DA:31,0
DA:32,0
DA:37,0
DA:38,0
DA:39,0
DA:40,0
DA:43,0
DA:44,0
LF:17
LH:1
end_of_record
SF:lib\presentation\login\buttons\email_login_button.dart
DA:9,3
DA:11,0
DA:13,0
DA:15,0
DA:16,0
DA:17,0
DA:18,0
DA:25,0
DA:26,0
DA:27,0
DA:28,0
LF:11
LH:1
end_of_record
SF:lib\presentation\login\login_with_email\login_with_email_page.dart
DA:9,4
DA:11,0
DA:13,0
DA:14,0
LF:4
LH:1
end_of_record
SF:lib\presentation\login\buttons\facebook_login_button.dart
DA:11,3
DA:13,0
DA:15,0
DA:17,0
DA:18,0
DA:19,0
DA:23,0
DA:24,0
DA:25,0
DA:26,0
DA:29,0
LF:11
LH:1
end_of_record
SF:lib\presentation\login\buttons\google_login_button.dart
DA:11,3
DA:13,0
DA:15,0
DA:17,0
DA:18,0
DA:19,0
DA:23,0
DA:24,0
DA:25,0
DA:26,0
DA:29,0
LF:11
LH:1
end_of_record
SF:lib\presentation\login\buttons\login_button.dart
DA:10,0
DA:12,0
DA:14,0
DA:16,0
DA:17,0
DA:19,0
DA:20,0
DA:21,0
DA:22,0
LF:9
LH:0
end_of_record
SF:lib\presentation\login\login_form.dart
DA:21,0
DA:27,0
DA:29,0
DA:30,0
DA:34,0
DA:35,0
DA:37,0
DA:39,0
DA:42,0
DA:44,0
DA:45,0
DA:46,0
DA:47,0
DA:48,0
DA:49,0
DA:50,0
DA:51,0
DA:59,0
DA:60,0
DA:63,0
DA:64,0
DA:65,0
DA:66,0
DA:67,0
DA:69,0
DA:70,0
DA:71,0
DA:72,0
DA:74,0
DA:86,0
DA:88,0
DA:90,0
DA:94,0
DA:95,0
DA:99,0
DA:101,0
DA:102,0
DA:103,0
DA:104,0
DA:105,0
DA:106,0
DA:107,0
DA:111,0
DA:113,0
DA:115,0
DA:122,0
DA:123,0
DA:124,0
DA:125,0
DA:126,0
DA:129,0
DA:131,0
DA:133,0
DA:146,0
DA:155,0
DA:156,0
DA:158,0
DA:160,0
DA:161,0
LF:59
LH:0
end_of_record
SF:lib\presentation\register\register_page.dart
DA:16,0
DA:18,0
DA:20,0
DA:21,0
DA:27,0
DA:29,0
DA:30,0
DA:31,0
DA:32,0
DA:36,0
DA:38,0
DA:39,0
DA:40,0
DA:41,0
DA:42,0
DA:49,0
DA:51,0
DA:52,0
LF:18
LH:0
end_of_record
SF:lib\presentation\login\login_with_email\login_with_email_form.dart
DA:12,3
DA:14,0
DA:15,0
DA:24,0
DA:25,0
DA:27,0
DA:28,0
DA:31,0
DA:33,0
DA:34,0
DA:35,0
DA:36,0
DA:39,0
DA:41,0
DA:42,0
DA:43,0
DA:44,0
DA:45,0
DA:46,0
DA:47,0
DA:48,0
DA:58,0
DA:59,0
DA:60,0
DA:62,0
DA:63,0
DA:64,0
DA:65,0
DA:66,0
DA:67,0
DA:79,0
DA:80,0
DA:81,0
DA:83,0
DA:84,0
DA:85,0
DA:86,0
DA:87,0
DA:89,0
DA:96,0
DA:97,0
DA:100,0
DA:102,0
DA:103,0
DA:106,0
DA:107,0
DA:108,0
DA:109,0
DA:112,0
DA:113,0
DA:117,0
DA:120,0
DA:121,0
DA:126,0
DA:128,0
DA:129,0
DA:130,0
DA:144,0
DA:146,0
DA:147,0
DA:148,0
DA:151,0
DA:152,0
DA:153,0
DA:157,0
DA:158,0
DA:159,0
DA:163,0
DA:164,0
DA:165,0
DA:166,0
DA:167,0
LF:72
LH:1
end_of_record
SF:lib\presentation\register\register_button.dart
DA:10,0
DA:12,0
DA:14,0
DA:16,0
DA:17,0
DA:19,0
DA:20,0
DA:21,0
DA:22,0
LF:9
LH:0
end_of_record
SF:lib\presentation\register\register_form.dart
DA:13,3
DA:15,0
DA:16,0
DA:25,0
DA:26,0
DA:28,0
DA:29,0
DA:32,0
DA:34,0
DA:35,0
DA:36,0
DA:37,0
DA:40,0
DA:42,0
DA:44,0
DA:45,0
DA:46,0
DA:47,0
DA:48,0
DA:49,0
DA:50,0
DA:60,0
DA:61,0
DA:62,0
DA:64,0
DA:65,0
DA:66,0
DA:67,0
DA:68,0
DA:69,0
DA:81,0
DA:83,0
DA:84,0
DA:86,0
DA:87,0
DA:88,0
DA:89,0
DA:90,0
DA:97,0
DA:98,0
DA:101,0
DA:102,0
DA:103,0
DA:106,0
DA:107,0
DA:108,0
DA:109,0
DA:112,0
DA:113,0
DA:117,0
DA:120,0
DA:121,0
DA:126,0
DA:128,0
DA:129,0
DA:130,0
DA:143,0
DA:145,0
DA:146,0
DA:147,0
DA:150,0
DA:151,0
DA:152,0
DA:156,0
DA:157,0
DA:158,0
DA:162,0
DA:163,0
DA:164,0
DA:165,0
DA:166,0
LF:71
LH:1
end_of_record
SF:lib\presentation\profile\profile_page.dart
DA:11,0
DA:13,0
DA:14,0
DA:18,0
DA:20,0
DA:22,0
DA:23,0
DA:25,0
DA:26,0
DA:27,0
DA:28,0
DA:29,0
DA:30,0
LF:13
LH:0
end_of_record
